{"C:\\Users\\Irina\\Documents\\if-js\\lesson-4.js": {"path":"C:\\Users\\Irina\\Documents\\if-js\\lesson-4.js","statementMap":{"0":{"start":{"line":1,"column":15},"end":{"line":1,"column":73}},"1":{"start":{"line":3,"column":17},"end":{"line":3,"column":49}},"2":{"start":{"line":4,"column":17},"end":{"line":4,"column":49}},"3":{"start":{"line":5,"column":17},"end":{"line":5,"column":49}},"4":{"start":{"line":6,"column":20},"end":{"line":6,"column":50}},"5":{"start":{"line":9,"column":16},"end":{"line":9,"column":17}},"6":{"start":{"line":10,"column":2},"end":{"line":16,"column":4}},"7":{"start":{"line":11,"column":4},"end":{"line":13,"column":5}},"8":{"start":{"line":12,"column":6},"end":{"line":12,"column":18}},"9":{"start":{"line":14,"column":4},"end":{"line":14,"column":39}},"10":{"start":{"line":15,"column":4},"end":{"line":15,"column":17}},"11":{"start":{"line":19,"column":0},"end":{"line":21,"column":1}},"12":{"start":{"line":19,"column":13},"end":{"line":19,"column":14}},"13":{"start":{"line":20,"column":2},"end":{"line":20,"column":72}},"14":{"start":{"line":23,"column":15},"end":{"line":23,"column":49}},"15":{"start":{"line":24,"column":0},"end":{"line":26,"column":1}},"16":{"start":{"line":24,"column":13},"end":{"line":24,"column":14}},"17":{"start":{"line":25,"column":2},"end":{"line":25,"column":62}},"18":{"start":{"line":28,"column":0},"end":{"line":28,"column":29}},"19":{"start":{"line":31,"column":2},"end":{"line":33,"column":4}},"20":{"start":{"line":32,"column":4},"end":{"line":32,"column":17}},"21":{"start":{"line":36,"column":0},"end":{"line":36,"column":23}}},"fnMap":{"0":{"name":"changeColor","decl":{"start":{"line":8,"column":9},"end":{"line":8,"column":20}},"loc":{"start":{"line":8,"column":27},"end":{"line":17,"column":1}},"line":8},"1":{"name":"endFun","decl":{"start":{"line":10,"column":18},"end":{"line":10,"column":24}},"loc":{"start":{"line":10,"column":27},"end":{"line":16,"column":3}},"line":10},"2":{"name":"sum","decl":{"start":{"line":30,"column":9},"end":{"line":30,"column":12}},"loc":{"start":{"line":30,"column":16},"end":{"line":34,"column":1}},"line":30},"3":{"name":"arg","decl":{"start":{"line":31,"column":18},"end":{"line":31,"column":21}},"loc":{"start":{"line":31,"column":25},"end":{"line":33,"column":3}},"line":31}},"branchMap":{"0":{"loc":{"start":{"line":11,"column":4},"end":{"line":13,"column":5}},"type":"if","locations":[{"start":{"line":11,"column":4},"end":{"line":13,"column":5}},{"start":{},"end":{}}],"line":11}},"s":{"0":1,"1":1,"2":1,"3":1,"4":1,"5":24,"6":24,"7":36,"8":6,"9":36,"10":36,"11":1,"12":1,"13":3,"14":1,"15":1,"16":1,"17":3,"18":1,"19":1,"20":1,"21":1},"f":{"0":24,"1":36,"2":1,"3":1},"b":{"0":[6,30]},"_coverageSchema":"1a1c01bbd47fc00a2c39e90264f33305004495a9","hash":"8115b80f66f5c1995e0730250aee9e666d9254e5"}
,"C:\\Users\\Irina\\Documents\\if-js\\main.js": {"path":"C:\\Users\\Irina\\Documents\\if-js\\main.js","statementMap":{"0":{"start":{"line":2,"column":11},"end":{"line":2,"column":21}},"1":{"start":{"line":3,"column":0},"end":{"line":3,"column":18}},"2":{"start":{"line":5,"column":16},"end":{"line":5,"column":29}},"3":{"start":{"line":6,"column":0},"end":{"line":6,"column":21}},"4":{"start":{"line":8,"column":0},"end":{"line":8,"column":15}},"5":{"start":{"line":9,"column":0},"end":{"line":9,"column":18}},"6":{"start":{"line":12,"column":11},"end":{"line":12,"column":12}},"7":{"start":{"line":13,"column":0},"end":{"line":13,"column":10}},"8":{"start":{"line":14,"column":16},"end":{"line":14,"column":26}},"9":{"start":{"line":15,"column":0},"end":{"line":15,"column":21}},"10":{"start":{"line":17,"column":16},"end":{"line":17,"column":24}},"11":{"start":{"line":18,"column":0},"end":{"line":18,"column":21}},"12":{"start":{"line":20,"column":17},"end":{"line":20,"column":30}},"13":{"start":{"line":21,"column":0},"end":{"line":21,"column":22}},"14":{"start":{"line":24,"column":13},"end":{"line":24,"column":25}},"15":{"start":{"line":25,"column":13},"end":{"line":25,"column":14}},"16":{"start":{"line":26,"column":0},"end":{"line":28,"column":1}},"17":{"start":{"line":26,"column":13},"end":{"line":26,"column":14}},"18":{"start":{"line":27,"column":2},"end":{"line":27,"column":35}},"19":{"start":{"line":31,"column":13},"end":{"line":31,"column":39}},"20":{"start":{"line":32,"column":0},"end":{"line":36,"column":1}},"21":{"start":{"line":32,"column":13},"end":{"line":32,"column":14}},"22":{"start":{"line":33,"column":2},"end":{"line":35,"column":3}},"23":{"start":{"line":34,"column":4},"end":{"line":34,"column":25}},"24":{"start":{"line":39,"column":13},"end":{"line":39,"column":39}},"25":{"start":{"line":40,"column":0},"end":{"line":44,"column":1}},"26":{"start":{"line":40,"column":13},"end":{"line":40,"column":14}},"27":{"start":{"line":41,"column":2},"end":{"line":43,"column":3}},"28":{"start":{"line":42,"column":4},"end":{"line":42,"column":25}},"29":{"start":{"line":48,"column":0},"end":{"line":48,"column":35}},"30":{"start":{"line":51,"column":18},"end":{"line":51,"column":32}},"31":{"start":{"line":52,"column":21},"end":{"line":52,"column":35}},"32":{"start":{"line":53,"column":25},"end":{"line":53,"column":51}},"33":{"start":{"line":55,"column":2},"end":{"line":59,"column":3}},"34":{"start":{"line":55,"column":15},"end":{"line":55,"column":16}},"35":{"start":{"line":56,"column":4},"end":{"line":58,"column":5}},"36":{"start":{"line":57,"column":6},"end":{"line":57,"column":19}},"37":{"start":{"line":60,"column":2},"end":{"line":60,"column":14}},"38":{"start":{"line":63,"column":0},"end":{"line":63,"column":33}},"39":{"start":{"line":66,"column":0},"end":{"line":66,"column":34}},"40":{"start":{"line":69,"column":2},"end":{"line":73,"column":3}},"41":{"start":{"line":70,"column":4},"end":{"line":70,"column":19}},"42":{"start":{"line":72,"column":4},"end":{"line":72,"column":19}},"43":{"start":{"line":75,"column":0},"end":{"line":75,"column":12}},"44":{"start":{"line":83,"column":0},"end":{"line":83,"column":34}},"45":{"start":{"line":86,"column":2},"end":{"line":90,"column":3}},"46":{"start":{"line":87,"column":4},"end":{"line":87,"column":19}},"47":{"start":{"line":89,"column":4},"end":{"line":89,"column":19}},"48":{"start":{"line":92,"column":0},"end":{"line":92,"column":12}},"49":{"start":{"line":102,"column":2},"end":{"line":112,"column":3}},"50":{"start":{"line":102,"column":15},"end":{"line":102,"column":16}},"51":{"start":{"line":103,"column":4},"end":{"line":111,"column":5}},"52":{"start":{"line":104,"column":6},"end":{"line":104,"column":26}},"53":{"start":{"line":105,"column":11},"end":{"line":111,"column":5}},"54":{"start":{"line":106,"column":6},"end":{"line":106,"column":50}},"55":{"start":{"line":107,"column":11},"end":{"line":111,"column":5}},"56":{"start":{"line":108,"column":6},"end":{"line":108,"column":45}},"57":{"start":{"line":110,"column":6},"end":{"line":110,"column":31}},"58":{"start":{"line":115,"column":0},"end":{"line":115,"column":31}},"59":{"start":{"line":117,"column":17},"end":{"line":117,"column":19}},"60":{"start":{"line":119,"column":0},"end":{"line":122,"column":1}},"61":{"start":{"line":119,"column":13},"end":{"line":119,"column":14}},"62":{"start":{"line":120,"column":2},"end":{"line":120,"column":48}},"63":{"start":{"line":121,"column":2},"end":{"line":121,"column":27}},"64":{"start":{"line":124,"column":0},"end":{"line":124,"column":31}},"65":{"start":{"line":126,"column":0},"end":{"line":126,"column":28}},"66":{"start":{"line":128,"column":0},"end":{"line":128,"column":31}},"67":{"start":{"line":132,"column":0},"end":{"line":132,"column":44}},"68":{"start":{"line":135,"column":2},"end":{"line":137,"column":4}},"69":{"start":{"line":136,"column":4},"end":{"line":136,"column":17}},"70":{"start":{"line":140,"column":0},"end":{"line":140,"column":23}}},"fnMap":{"0":{"name":"palindrome","decl":{"start":{"line":50,"column":9},"end":{"line":50,"column":19}},"loc":{"start":{"line":50,"column":26},"end":{"line":61,"column":1}},"line":50},"1":{"name":"min1","decl":{"start":{"line":68,"column":9},"end":{"line":68,"column":13}},"loc":{"start":{"line":68,"column":20},"end":{"line":74,"column":1}},"line":68},"2":{"name":"max1","decl":{"start":{"line":85,"column":9},"end":{"line":85,"column":13}},"loc":{"start":{"line":85,"column":20},"end":{"line":91,"column":1}},"line":85},"3":{"name":"replacingElements","decl":{"start":{"line":101,"column":9},"end":{"line":101,"column":26}},"loc":{"start":{"line":101,"column":37},"end":{"line":113,"column":1}},"line":101},"4":{"name":"sum","decl":{"start":{"line":134,"column":9},"end":{"line":134,"column":12}},"loc":{"start":{"line":134,"column":16},"end":{"line":138,"column":1}},"line":134},"5":{"name":"arg","decl":{"start":{"line":135,"column":18},"end":{"line":135,"column":21}},"loc":{"start":{"line":135,"column":25},"end":{"line":137,"column":3}},"line":135}},"branchMap":{"0":{"loc":{"start":{"line":33,"column":2},"end":{"line":35,"column":3}},"type":"if","locations":[{"start":{"line":33,"column":2},"end":{"line":35,"column":3}},{"start":{},"end":{}}],"line":33},"1":{"loc":{"start":{"line":33,"column":6},"end":{"line":33,"column":33}},"type":"binary-expr","locations":[{"start":{"line":33,"column":6},"end":{"line":33,"column":17}},{"start":{"line":33,"column":21},"end":{"line":33,"column":33}}],"line":33},"2":{"loc":{"start":{"line":41,"column":2},"end":{"line":43,"column":3}},"type":"if","locations":[{"start":{"line":41,"column":2},"end":{"line":43,"column":3}},{"start":{},"end":{}}],"line":41},"3":{"loc":{"start":{"line":56,"column":4},"end":{"line":58,"column":5}},"type":"if","locations":[{"start":{"line":56,"column":4},"end":{"line":58,"column":5}},{"start":{},"end":{}}],"line":56},"4":{"loc":{"start":{"line":69,"column":2},"end":{"line":73,"column":3}},"type":"if","locations":[{"start":{"line":69,"column":2},"end":{"line":73,"column":3}},{"start":{"line":71,"column":9},"end":{"line":73,"column":3}}],"line":69},"5":{"loc":{"start":{"line":86,"column":2},"end":{"line":90,"column":3}},"type":"if","locations":[{"start":{"line":86,"column":2},"end":{"line":90,"column":3}},{"start":{"line":88,"column":9},"end":{"line":90,"column":3}}],"line":86},"6":{"loc":{"start":{"line":103,"column":4},"end":{"line":111,"column":5}},"type":"if","locations":[{"start":{"line":103,"column":4},"end":{"line":111,"column":5}},{"start":{"line":105,"column":11},"end":{"line":111,"column":5}}],"line":103},"7":{"loc":{"start":{"line":105,"column":11},"end":{"line":111,"column":5}},"type":"if","locations":[{"start":{"line":105,"column":11},"end":{"line":111,"column":5}},{"start":{"line":107,"column":11},"end":{"line":111,"column":5}}],"line":105},"8":{"loc":{"start":{"line":107,"column":11},"end":{"line":111,"column":5}},"type":"if","locations":[{"start":{"line":107,"column":11},"end":{"line":111,"column":5}},{"start":{"line":109,"column":11},"end":{"line":111,"column":5}}],"line":107},"9":{"loc":{"start":{"line":107,"column":15},"end":{"line":107,"column":62}},"type":"binary-expr","locations":[{"start":{"line":107,"column":15},"end":{"line":107,"column":37}},{"start":{"line":107,"column":41},"end":{"line":107,"column":62}}],"line":107}},"s":{"0":1,"1":1,"2":1,"3":1,"4":1,"5":1,"6":1,"7":1,"8":1,"9":1,"10":1,"11":1,"12":1,"13":1,"14":1,"15":1,"16":1,"17":1,"18":4,"19":1,"20":1,"21":1,"22":8,"23":2,"24":1,"25":1,"26":1,"27":8,"28":5,"29":1,"30":1,"31":1,"32":1,"33":1,"34":1,"35":2,"36":0,"37":1,"38":1,"39":1,"40":1,"41":0,"42":1,"43":1,"44":1,"45":1,"46":1,"47":0,"48":1,"49":1,"50":1,"51":10,"52":0,"53":10,"54":0,"55":10,"56":0,"57":10,"58":1,"59":1,"60":1,"61":1,"62":10,"63":10,"64":1,"65":1,"66":1,"67":1,"68":2,"69":2,"70":1},"f":{"0":1,"1":1,"2":1,"3":1,"4":2,"5":2},"b":{"0":[2,6],"1":[8,4],"2":[5,3],"3":[0,2],"4":[0,1],"5":[1,0],"6":[0,10],"7":[0,10],"8":[0,10],"9":[10,0]},"_coverageSchema":"1a1c01bbd47fc00a2c39e90264f33305004495a9","hash":"ee3b10be50cc0109dafb8f7afb3075bf559eadb5"}
}
