TN:
SF:lesson-4.js
FN:8,changeColor
FN:10,endFun
FN:30,sum
FN:31,arg
FNF:4
FNH:4
FNDA:24,changeColor
FNDA:36,endFun
FNDA:1,sum
FNDA:1,arg
DA:1,1
DA:3,1
DA:4,1
DA:5,1
DA:6,1
DA:9,24
DA:10,24
DA:11,36
DA:12,6
DA:14,36
DA:15,36
DA:19,1
DA:20,3
DA:23,1
DA:24,1
DA:25,3
DA:28,1
DA:31,1
DA:32,1
DA:36,1
LF:20
LH:20
BRDA:11,0,0,6
BRDA:11,0,1,30
BRF:2
BRH:2
end_of_record
TN:
SF:main.js
FN:50,palindrome
FN:68,min1
FN:85,max1
FN:101,replacingElements
FN:134,sum
FN:135,arg
FNF:6
FNH:6
FNDA:1,palindrome
FNDA:1,min1
FNDA:1,max1
FNDA:1,replacingElements
FNDA:2,sum
FNDA:2,arg
DA:2,1
DA:3,1
DA:5,1
DA:6,1
DA:8,1
DA:9,1
DA:12,1
DA:13,1
DA:14,1
DA:15,1
DA:17,1
DA:18,1
DA:20,1
DA:21,1
DA:24,1
DA:25,1
DA:26,1
DA:27,4
DA:31,1
DA:32,1
DA:33,8
DA:34,2
DA:39,1
DA:40,1
DA:41,8
DA:42,5
DA:48,1
DA:51,1
DA:52,1
DA:53,1
DA:55,1
DA:56,2
DA:57,0
DA:60,1
DA:63,1
DA:66,1
DA:69,1
DA:70,0
DA:72,1
DA:75,1
DA:83,1
DA:86,1
DA:87,1
DA:89,0
DA:92,1
DA:102,1
DA:103,10
DA:104,0
DA:105,10
DA:106,0
DA:107,10
DA:108,0
DA:110,10
DA:115,1
DA:117,1
DA:119,1
DA:120,10
DA:121,10
DA:124,1
DA:126,1
DA:128,1
DA:132,1
DA:135,2
DA:136,2
DA:140,1
LF:65
LH:59
BRDA:33,0,0,2
BRDA:33,0,1,6
BRDA:33,1,0,8
BRDA:33,1,1,4
BRDA:41,2,0,5
BRDA:41,2,1,3
BRDA:56,3,0,0
BRDA:56,3,1,2
BRDA:69,4,0,0
BRDA:69,4,1,1
BRDA:86,5,0,1
BRDA:86,5,1,0
BRDA:103,6,0,0
BRDA:103,6,1,10
BRDA:105,7,0,0
BRDA:105,7,1,10
BRDA:107,8,0,0
BRDA:107,8,1,10
BRDA:107,9,0,10
BRDA:107,9,1,0
BRF:20
BRH:13
end_of_record
